# JRE version: Java(TM) SE Runtime Environment (21.0.10+8) (build 21.0.10+8-LTS-217)
# Java VM: Java HotSpot(TM) 64-Bit Server VM (21.0.10+8-LTS-217, mixed mode, sharing, tiered, compressed oops, compressed class ptrs, g1 gc, windows-amd64)
GC Precious Log:
 CardTable entry size: 512
 Card Set container configuration: InlinePtr #cards 5 size 8 Array Of Cards #cards 12 size 40 Howl #buckets 4 coarsen threshold 1843 Howl Bitmap #cards 512 size 80 coarsen threshold 460 Card regions per heap region 1 cards per card region 2048
 CPUs: 12 total, 12 available
 Memory: 16071M
 Large Page Support: Disabled
 NUMA Support: Disabled
 Compressed Oops: Enabled (32-bit)
 Heap Region Size: 1M
 Heap Min Capacity: 8M
 Heap Initial Capacity: 252M
 Heap Max Capacity: 512M
 Pre-touch: Disabled
 Parallel Workers: 10
 Concurrent Workers: 3
 Concurrent Refinement Workers: 10
 Periodic GC: Disabled
Heap:
 garbage-first heap   total 296960K, used 171775K [0x00000000e0000000, 0x0000000100000000)
  region size 1024K, 2 young (2048K), 1 survivors (1024K)
 Metaspace       used 68115K, committed 70080K, reserved 180224K
  class space    used 9503K, committed 10496K, reserved 114688K
GC Heap History (20 events):
Event: 39.476 GC heap after
{Heap after GC invocations=32 (full 0):
 garbage-first heap   total 193536K, used 129431K [0x00000000e0000000, 0x0000000100000000)
  region size 1024K, 7 young (7168K), 7 survivors (7168K)
 Metaspace       used 67489K, committed 69568K, reserved 180224K
  class space    used 9475K, committed 10496K, reserved 114688K
}
Event: 41.250 GC heap before
{Heap before GC invocations=32 (full 0):
 garbage-first heap   total 193536K, used 174487K [0x00000000e0000000, 0x0000000100000000)
  region size 1024K, 51 young (52224K), 7 survivors (7168K)
 Metaspace       used 67994K, committed 69952K, reserved 180224K
  class space    used 9500K, committed 10496K, reserved 114688K
}
Event: 41.258 GC heap after
{Heap after GC invocations=33 (full 0):
 garbage-first heap   total 193536K, used 135744K [0x00000000e0000000, 0x0000000100000000)
  region size 1024K, 6 young (6144K), 6 survivors (6144K)
 Metaspace       used 67994K, committed 69952K, reserved 180224K
  class space    used 9500K, committed 10496K, reserved 114688K
}
Event: 43.393 GC heap before
{Heap before GC invocations=34 (full 0):
 garbage-first heap   total 230400K, used 173632K [0x00000000e0000000, 0x0000000100000000)
  region size 1024K, 44 young (45056K), 6 survivors (6144K)
 Metaspace       used 68002K, committed 69952K, reserved 180224K
  class space    used 9500K, committed 10496K, reserved 114688K
}
Event: 43.400 GC heap after
{Heap after GC invocations=35 (full 0):
 garbage-first heap   total 230400K, used 139472K [0x00000000e0000000, 0x0000000100000000)
  region size 1024K, 5 young (5120K), 5 survivors (5120K)
 Metaspace       used 68002K, committed 69952K, reserved 180224K
  class space    used 9500K, committed 10496K, reserved 114688K
}
Event: 44.961 GC heap before
{Heap before GC invocations=35 (full 0):
 garbage-first heap   total 230400K, used 205008K [0x00000000e0000000, 0x0000000100000000)
  region size 1024K, 70 young (71680K), 5 survivors (5120K)
 Metaspace       used 68003K, committed 69952K, reserved 180224K
  class space    used 9500K, committed 10496K, reserved 114688K
}
Event: 44.967 GC heap after
{Heap after GC invocations=36 (full 0):
 garbage-first heap   total 230400K, used 144535K [0x00000000e0000000, 0x0000000100000000)
  region size 1024K, 9 young (9216K), 9 survivors (9216K)
 Metaspace       used 68003K, committed 69952K, reserved 180224K
  class space    used 9500K, committed 10496K, reserved 114688K
}
Event: 45.838 GC heap before
{Heap before GC invocations=36 (full 0):
 garbage-first heap   total 230400K, used 206999K [0x00000000e0000000, 0x0000000100000000)
  region size 1024K, 71 young (72704K), 9 survivors (9216K)
 Metaspace       used 68004K, committed 69952K, reserved 180224K
  class space    used 9500K, committed 10496K, reserved 114688K
}
Event: 45.845 GC heap after
{Heap after GC invocations=37 (full 0):
 garbage-first heap   total 230400K, used 150725K [0x00000000e0000000, 0x0000000100000000)
  region size 1024K, 7 young (7168K), 7 survivors (7168K)
 Metaspace       used 68004K, committed 69952K, reserved 180224K
  class space    used 9500K, committed 10496K, reserved 114688K
}
Event: 46.595 GC heap before
{Heap before GC invocations=38 (full 0):
 garbage-first heap   total 256000K, used 208069K [0x00000000e0000000, 0x0000000100000000)
  region size 1024K, 64 young (65536K), 7 survivors (7168K)
 Metaspace       used 68005K, committed 69952K, reserved 180224K
  class space    used 9500K, committed 10496K, reserved 114688K
}
Event: 46.600 GC heap after
{Heap after GC invocations=39 (full 0):
 garbage-first heap   total 256000K, used 155705K [0x00000000e0000000, 0x0000000100000000)
  region size 1024K, 6 young (6144K), 6 survivors (6144K)
 Metaspace       used 68005K, committed 69952K, reserved 180224K
  class space    used 9500K, committed 10496K, reserved 114688K
}
Event: 47.205 GC heap before
{Heap before GC invocations=39 (full 0):
 garbage-first heap   total 256000K, used 232505K [0x00000000e0000000, 0x0000000100000000)
  region size 1024K, 81 young (82944K), 6 survivors (6144K)
 Metaspace       used 68005K, committed 69952K, reserved 180224K
  class space    used 9500K, committed 10496K, reserved 114688K
}
Event: 47.212 GC heap after
{Heap after GC invocations=40 (full 0):
 garbage-first heap   total 256000K, used 162922K [0x00000000e0000000, 0x0000000100000000)
  region size 1024K, 11 young (11264K), 11 survivors (11264K)
 Metaspace       used 68005K, committed 69952K, reserved 180224K
  class space    used 9500K, committed 10496K, reserved 114688K
}
Event: 47.234 GC heap before
{Heap before GC invocations=40 (full 0):
 garbage-first heap   total 256000K, used 163946K [0x00000000e0000000, 0x0000000100000000)
  region size 1024K, 13 young (13312K), 11 survivors (11264K)
 Metaspace       used 68005K, committed 69952K, reserved 180224K
  class space    used 9500K, committed 10496K, reserved 114688K
}
Event: 47.239 GC heap after
{Heap after GC invocations=41 (full 0):
 garbage-first heap   total 256000K, used 164475K [0x00000000e0000000, 0x0000000100000000)
  region size 1024K, 2 young (2048K), 2 survivors (2048K)
 Metaspace       used 68005K, committed 69952K, reserved 180224K
  class space    used 9500K, committed 10496K, reserved 114688K
}
Event: 50.274 GC heap before
{Heap before GC invocations=42 (full 0):
 garbage-first heap   total 285696K, used 225915K [0x00000000e0000000, 0x0000000100000000)
  region size 1024K, 60 young (61440K), 2 survivors (2048K)
 Metaspace       used 68115K, committed 70080K, reserved 180224K
  class space    used 9503K, committed 10496K, reserved 114688K
}
Event: 50.277 GC heap after
{Heap after GC invocations=43 (full 0):
 garbage-first heap   total 285696K, used 169384K [0x00000000e0000000, 0x0000000100000000)
  region size 1024K, 4 young (4096K), 4 survivors (4096K)
 Metaspace       used 68115K, committed 70080K, reserved 180224K
  class space    used 9503K, committed 10496K, reserved 114688K
}
Event: 52.071 GC heap before
{Heap before GC invocations=43 (full 0):
 garbage-first heap   total 285696K, used 247208K [0x00000000e0000000, 0x0000000100000000)
  region size 1024K, 80 young (81920K), 4 survivors (4096K)
 Metaspace       used 68115K, committed 70080K, reserved 180224K
  class space    used 9503K, committed 10496K, reserved 114688K
}
Event: 52.074 GC heap after
{Heap after GC invocations=44 (full 0):
 garbage-first heap   total 285696K, used 170134K [0x00000000e0000000, 0x0000000100000000)
  region size 1024K, 5 young (5120K), 5 survivors (5120K)
 Metaspace       used 68115K, committed 70080K, reserved 180224K
  class space    used 9503K, committed 10496K, reserved 114688K
}
Event: 53.900 GC heap before
{Heap before GC invocations=44 (full 0):
 garbage-first heap   total 285696K, used 251030K [0x00000000e0000000, 0x0000000100000000)
  region size 1024K, 84 young (86016K), 5 survivors (5120K)
 Metaspace       used 68115K, committed 70080K, reserved 180224K
  class space    used 9503K, committed 10496K, reserved 114688K
}

