# JRE version: Java(TM) SE Runtime Environment (21.0.10+8) (build 21.0.10+8-LTS-217)
# Java VM: Java HotSpot(TM) 64-Bit Server VM (21.0.10+8-LTS-217, mixed mode, sharing, tiered, compressed oops, compressed class ptrs, g1 gc, windows-amd64)
GC Precious Log:
 CardTable entry size: 512
 Card Set container configuration: InlinePtr #cards 5 size 8 Array Of Cards #cards 12 size 40 Howl #buckets 4 coarsen threshold 1843 Howl Bitmap #cards 512 size 80 coarsen threshold 460 Card regions per heap region 1 cards per card region 2048
 CPUs: 12 total, 12 available
 Memory: 16071M
 Large Page Support: Disabled
 NUMA Support: Disabled
 Compressed Oops: Enabled (32-bit)
 Heap Region Size: 1M
 Heap Min Capacity: 256M
 Heap Initial Capacity: 256M
 Heap Max Capacity: 512M
 Pre-touch: Disabled
 Parallel Workers: 10
 Concurrent Workers: 3
 Concurrent Refinement Workers: 10
 Periodic GC: Disabled
Heap:
 garbage-first heap   total 268288K, used 183002K [0x00000000e0000000, 0x0000000100000000)
  region size 1024K, 29 young (29696K), 8 survivors (8192K)
 Metaspace       used 62196K, committed 64256K, reserved 393216K
  class space    used 8738K, committed 9792K, reserved 327680K
GC Heap History (20 events):
Event: 7.614 GC heap before
{Heap before GC invocations=4 (full 0):
 garbage-first heap   total 262144K, used 129508K [0x00000000e0000000, 0x0000000100000000)
  region size 1024K, 118 young (120832K), 13 survivors (13312K)
 Metaspace       used 34681K, committed 35968K, reserved 393216K
  class space    used 4894K, committed 5568K, reserved 327680K
}
Event: 7.624 GC heap after
{Heap after GC invocations=5 (full 0):
 garbage-first heap   total 262144K, used 32622K [0x00000000e0000000, 0x0000000100000000)
  region size 1024K, 9 young (9216K), 9 survivors (9216K)
 Metaspace       used 34681K, committed 35968K, reserved 393216K
  class space    used 4894K, committed 5568K, reserved 327680K
}
Event: 10.846 GC heap before
{Heap before GC invocations=6 (full 0):
 garbage-first heap   total 262144K, used 187246K [0x00000000e0000000, 0x0000000100000000)
  region size 1024K, 153 young (156672K), 9 survivors (9216K)
 Metaspace       used 49161K, committed 50880K, reserved 393216K
  class space    used 6976K, committed 7808K, reserved 327680K
}
Event: 10.855 GC heap after
{Heap after GC invocations=7 (full 0):
 garbage-first heap   total 262144K, used 42390K [0x00000000e0000000, 0x0000000100000000)
  region size 1024K, 17 young (17408K), 17 survivors (17408K)
 Metaspace       used 49161K, committed 50880K, reserved 393216K
  class space    used 6976K, committed 7808K, reserved 327680K
}
Event: 12.438 GC heap before
{Heap before GC invocations=7 (full 0):
 garbage-first heap   total 262144K, used 126358K [0x00000000e0000000, 0x0000000100000000)
  region size 1024K, 100 young (102400K), 17 survivors (17408K)
 Metaspace       used 58078K, committed 60096K, reserved 393216K
  class space    used 8315K, committed 9344K, reserved 327680K
}
Event: 12.447 GC heap after
{Heap after GC invocations=8 (full 0):
 garbage-first heap   total 262144K, used 47088K [0x00000000e0000000, 0x0000000100000000)
  region size 1024K, 15 young (15360K), 15 survivors (15360K)
 Metaspace       used 58078K, committed 60096K, reserved 393216K
  class space    used 8315K, committed 9344K, reserved 327680K
}
Event: 12.479 GC heap before
{Heap before GC invocations=8 (full 0):
 garbage-first heap   total 262144K, used 47088K [0x00000000e0000000, 0x0000000100000000)
  region size 1024K, 16 young (16384K), 15 survivors (15360K)
 Metaspace       used 58437K, committed 60416K, reserved 393216K
  class space    used 8355K, committed 9344K, reserved 327680K
}
Event: 12.488 GC heap after
{Heap after GC invocations=9 (full 0):
 garbage-first heap   total 262144K, used 48073K [0x00000000e0000000, 0x0000000100000000)
  region size 1024K, 6 young (6144K), 6 survivors (6144K)
 Metaspace       used 58437K, committed 60416K, reserved 393216K
  class space    used 8355K, committed 9344K, reserved 327680K
}
Event: 13.471 GC heap before
{Heap before GC invocations=10 (full 0):
 garbage-first heap   total 262144K, used 202697K [0x00000000e0000000, 0x0000000100000000)
  region size 1024K, 153 young (156672K), 6 survivors (6144K)
 Metaspace       used 61591K, committed 63616K, reserved 393216K
  class space    used 8708K, committed 9728K, reserved 327680K
}
Event: 13.482 GC heap after
{Heap after GC invocations=11 (full 0):
 garbage-first heap   total 262144K, used 80193K [0x00000000e0000000, 0x0000000100000000)
  region size 1024K, 20 young (20480K), 20 survivors (20480K)
 Metaspace       used 61591K, committed 63616K, reserved 393216K
  class space    used 8708K, committed 9728K, reserved 327680K
}
Event: 13.768 GC heap before
{Heap before GC invocations=11 (full 0):
 garbage-first heap   total 262144K, used 211265K [0x00000000e0000000, 0x0000000100000000)
  region size 1024K, 148 young (151552K), 20 survivors (20480K)
 Metaspace       used 61591K, committed 63616K, reserved 393216K
  class space    used 8708K, committed 9728K, reserved 327680K
}
Event: 13.780 GC heap after
{Heap after GC invocations=12 (full 0):
 garbage-first heap   total 262144K, used 99531K [0x00000000e0000000, 0x0000000100000000)
  region size 1024K, 18 young (18432K), 18 survivors (18432K)
 Metaspace       used 61591K, committed 63616K, reserved 393216K
  class space    used 8708K, committed 9728K, reserved 327680K
}
Event: 13.994 GC heap before
{Heap before GC invocations=12 (full 0):
 garbage-first heap   total 262144K, used 220363K [0x00000000e0000000, 0x0000000100000000)
  region size 1024K, 136 young (139264K), 18 survivors (18432K)
 Metaspace       used 61591K, committed 63616K, reserved 393216K
  class space    used 8708K, committed 9728K, reserved 327680K
}
Event: 13.998 GC heap after
{Heap after GC invocations=13 (full 0):
 garbage-first heap   total 262144K, used 117445K [0x00000000e0000000, 0x0000000100000000)
  region size 1024K, 17 young (17408K), 17 survivors (17408K)
 Metaspace       used 61591K, committed 63616K, reserved 393216K
  class space    used 8708K, committed 9728K, reserved 327680K
}
Event: 14.280 GC heap before
{Heap before GC invocations=13 (full 0):
 garbage-first heap   total 262144K, used 225989K [0x00000000e0000000, 0x0000000100000000)
  region size 1024K, 123 young (125952K), 17 survivors (17408K)
 Metaspace       used 61591K, committed 63616K, reserved 393216K
  class space    used 8708K, committed 9728K, reserved 327680K
}
Event: 14.288 GC heap after
{Heap after GC invocations=14 (full 0):
 garbage-first heap   total 262144K, used 135850K [0x00000000e0000000, 0x0000000100000000)
  region size 1024K, 16 young (16384K), 16 survivors (16384K)
 Metaspace       used 61591K, committed 63616K, reserved 393216K
  class space    used 8708K, committed 9728K, reserved 327680K
}
Event: 14.643 GC heap before
{Heap before GC invocations=14 (full 0):
 garbage-first heap   total 262144K, used 228010K [0x00000000e0000000, 0x0000000100000000)
  region size 1024K, 106 young (108544K), 16 survivors (16384K)
 Metaspace       used 62136K, committed 64128K, reserved 393216K
  class space    used 8733K, committed 9728K, reserved 327680K
}
Event: 14.650 GC heap after
{Heap after GC invocations=15 (full 0):
 garbage-first heap   total 262144K, used 149117K [0x00000000e0000000, 0x0000000100000000)
  region size 1024K, 12 young (12288K), 12 survivors (12288K)
 Metaspace       used 62136K, committed 64128K, reserved 393216K
  class space    used 8733K, committed 9728K, reserved 327680K
}
Event: 14.778 GC heap before
{Heap before GC invocations=16 (full 0):
 garbage-first heap   total 268288K, used 231037K [0x00000000e0000000, 0x0000000100000000)
  region size 1024K, 93 young (95232K), 12 survivors (12288K)
 Metaspace       used 62137K, committed 64128K, reserved 393216K
  class space    used 8733K, committed 9728K, reserved 327680K
}
Event: 14.781 GC heap after
{Heap after GC invocations=17 (full 0):
 garbage-first heap   total 268288K, used 157636K [0x00000000e0000000, 0x0000000100000000)
  region size 1024K, 9 young (9216K), 9 survivors (9216K)
 Metaspace       used 62137K, committed 64128K, reserved 393216K
  class space    used 8733K, committed 9728K, reserved 327680K
}

