# JRE version: Java(TM) SE Runtime Environment (21.0.10+8) (build 21.0.10+8-LTS-217)
# Java VM: Java HotSpot(TM) 64-Bit Server VM (21.0.10+8-LTS-217, mixed mode, sharing, tiered, compressed oops, compressed class ptrs, g1 gc, windows-amd64)
GC Precious Log:
 CardTable entry size: 512
 Card Set container configuration: InlinePtr #cards 5 size 8 Array Of Cards #cards 12 size 40 Howl #buckets 4 coarsen threshold 1843 Howl Bitmap #cards 512 size 80 coarsen threshold 460 Card regions per heap region 1 cards per card region 2048
 CPUs: 12 total, 12 available
 Memory: 16071M
 Large Page Support: Disabled
 NUMA Support: Disabled
 Compressed Oops: Enabled (32-bit)
 Heap Region Size: 1M
 Heap Min Capacity: 256M
 Heap Initial Capacity: 256M
 Heap Max Capacity: 512M
 Pre-touch: Disabled
 Parallel Workers: 10
 Concurrent Workers: 3
 Concurrent Refinement Workers: 10
 Periodic GC: Disabled
Heap:
 garbage-first heap   total 324608K, used 199607K [0x00000000e0000000, 0x0000000100000000)
  region size 1024K, 7 young (7168K), 2 survivors (2048K)
 Metaspace       used 88888K, committed 91072K, reserved 458752K
  class space    used 11913K, committed 12992K, reserved 327680K
GC Heap History (20 events):
Event: 278.048 GC heap after
{Heap after GC invocations=77 (full 2):
 garbage-first heap   total 262144K, used 65191K [0x00000000e0000000, 0x0000000100000000)
  region size 1024K, 8 young (8192K), 8 survivors (8192K)
 Metaspace       used 82835K, committed 84992K, reserved 458752K
  class space    used 11171K, committed 12224K, reserved 327680K
}
Event: 290.434 GC heap before
{Heap before GC invocations=78 (full 2):
 garbage-first heap   total 262144K, used 219815K [0x00000000e0000000, 0x0000000100000000)
  region size 1024K, 153 young (156672K), 8 survivors (8192K)
 Metaspace       used 88371K, committed 90560K, reserved 458752K
  class space    used 11895K, committed 12992K, reserved 327680K
}
Event: 290.460 GC heap after
{Heap after GC invocations=79 (full 2):
 garbage-first heap   total 262144K, used 85503K [0x00000000e0000000, 0x0000000100000000)
  region size 1024K, 20 young (20480K), 20 survivors (20480K)
 Metaspace       used 88371K, committed 90560K, reserved 458752K
  class space    used 11895K, committed 12992K, reserved 327680K
}
Event: 292.156 GC heap before
{Heap before GC invocations=79 (full 2):
 garbage-first heap   total 262144K, used 220671K [0x00000000e0000000, 0x0000000100000000)
  region size 1024K, 153 young (156672K), 20 survivors (20480K)
 Metaspace       used 88371K, committed 90560K, reserved 458752K
  class space    used 11895K, committed 12992K, reserved 327680K
}
Event: 292.185 GC heap after
{Heap after GC invocations=80 (full 2):
 garbage-first heap   total 264192K, used 104624K [0x00000000e0000000, 0x0000000100000000)
  region size 1024K, 19 young (19456K), 19 survivors (19456K)
 Metaspace       used 88371K, committed 90560K, reserved 458752K
  class space    used 11895K, committed 12992K, reserved 327680K
}
Event: 293.472 GC heap before
{Heap before GC invocations=80 (full 2):
 garbage-first heap   total 264192K, used 228528K [0x00000000e0000000, 0x0000000100000000)
  region size 1024K, 140 young (143360K), 19 survivors (19456K)
 Metaspace       used 88372K, committed 90560K, reserved 458752K
  class space    used 11895K, committed 12992K, reserved 327680K
}
Event: 293.484 GC heap after
{Heap after GC invocations=81 (full 2):
 garbage-first heap   total 268288K, used 123289K [0x00000000e0000000, 0x0000000100000000)
  region size 1024K, 18 young (18432K), 18 survivors (18432K)
 Metaspace       used 88372K, committed 90560K, reserved 458752K
  class space    used 11895K, committed 12992K, reserved 327680K
}
Event: 295.171 GC heap before
{Heap before GC invocations=82 (full 2):
 garbage-first heap   total 268288K, used 233881K [0x00000000e0000000, 0x0000000100000000)
  region size 1024K, 126 young (129024K), 18 survivors (18432K)
 Metaspace       used 88348K, committed 90560K, reserved 458752K
  class space    used 11888K, committed 12992K, reserved 327680K
}
Event: 295.182 GC heap after
{Heap after GC invocations=83 (full 2):
 garbage-first heap   total 271360K, used 140360K [0x00000000e0000000, 0x0000000100000000)
  region size 1024K, 16 young (16384K), 16 survivors (16384K)
 Metaspace       used 88348K, committed 90560K, reserved 458752K
  class space    used 11888K, committed 12992K, reserved 327680K
}
Event: 296.351 GC heap before
{Heap before GC invocations=83 (full 2):
 garbage-first heap   total 271360K, used 237640K [0x00000000e0000000, 0x0000000100000000)
  region size 1024K, 111 young (113664K), 16 survivors (16384K)
 Metaspace       used 88348K, committed 90560K, reserved 458752K
  class space    used 11888K, committed 12992K, reserved 327680K
}
Event: 296.369 GC heap after
{Heap after GC invocations=84 (full 2):
 garbage-first heap   total 274432K, used 157350K [0x00000000e0000000, 0x0000000100000000)
  region size 1024K, 14 young (14336K), 14 survivors (14336K)
 Metaspace       used 88348K, committed 90560K, reserved 458752K
  class space    used 11888K, committed 12992K, reserved 327680K
}
Event: 299.591 GC heap before
{Heap before GC invocations=84 (full 2):
 garbage-first heap   total 274432K, used 239270K [0x00000000e0000000, 0x0000000100000000)
  region size 1024K, 95 young (97280K), 14 survivors (14336K)
 Metaspace       used 88816K, committed 91008K, reserved 458752K
  class space    used 11908K, committed 12992K, reserved 327680K
}
Event: 299.609 GC heap after
{Heap after GC invocations=85 (full 2):
 garbage-first heap   total 274432K, used 169349K [0x00000000e0000000, 0x0000000100000000)
  region size 1024K, 11 young (11264K), 11 survivors (11264K)
 Metaspace       used 88816K, committed 91008K, reserved 458752K
  class space    used 11908K, committed 12992K, reserved 327680K
}
Event: 301.999 GC heap before
{Heap before GC invocations=86 (full 2):
 garbage-first heap   total 286720K, used 243077K [0x00000000e0000000, 0x0000000100000000)
  region size 1024K, 84 young (86016K), 11 survivors (11264K)
 Metaspace       used 88819K, committed 91008K, reserved 458752K
  class space    used 11908K, committed 12992K, reserved 327680K
}
Event: 302.007 GC heap after
{Heap after GC invocations=87 (full 2):
 garbage-first heap   total 286720K, used 176748K [0x00000000e0000000, 0x0000000100000000)
  region size 1024K, 8 young (8192K), 8 survivors (8192K)
 Metaspace       used 88819K, committed 91008K, reserved 458752K
  class space    used 11908K, committed 12992K, reserved 327680K
}
Event: 303.291 GC heap before
{Heap before GC invocations=87 (full 2):
 garbage-first heap   total 286720K, used 256620K [0x00000000e0000000, 0x0000000100000000)
  region size 1024K, 87 young (89088K), 8 survivors (8192K)
 Metaspace       used 88820K, committed 91008K, reserved 458752K
  class space    used 11908K, committed 12992K, reserved 327680K
}
Event: 303.297 GC heap after
{Heap after GC invocations=88 (full 2):
 garbage-first heap   total 286720K, used 181204K [0x00000000e0000000, 0x0000000100000000)
  region size 1024K, 8 young (8192K), 8 survivors (8192K)
 Metaspace       used 88820K, committed 91008K, reserved 458752K
  class space    used 11908K, committed 12992K, reserved 327680K
}
Event: 303.689 GC heap before
{Heap before GC invocations=88 (full 2):
 garbage-first heap   total 286720K, used 259028K [0x00000000e0000000, 0x0000000100000000)
  region size 1024K, 85 young (87040K), 8 survivors (8192K)
 Metaspace       used 88821K, committed 91008K, reserved 458752K
  class space    used 11908K, committed 12992K, reserved 327680K
}
Event: 303.696 GC heap after
{Heap after GC invocations=89 (full 2):
 garbage-first heap   total 286720K, used 189818K [0x00000000e0000000, 0x0000000100000000)
  region size 1024K, 9 young (9216K), 9 survivors (9216K)
 Metaspace       used 88821K, committed 91008K, reserved 458752K
  class space    used 11908K, committed 12992K, reserved 327680K
}
Event: 306.546 GC heap before
{Heap before GC invocations=90 (full 2):
 garbage-first heap   total 324608K, used 257402K [0x00000000e0000000, 0x0000000100000000)
  region size 1024K, 76 young (77824K), 9 survivors (9216K)
 Metaspace       used 88861K, committed 91072K, reserved 458752K
  class space    used 11912K, committed 12992K, reserved 327680K
}

